Using pre-set license
Built from '2020.3/staging' branch; Version is '2020.3.8f1 (507919d4fff5) revision 5273881'; Using compiler version '192528614'; Build Type 'Release'
OS: 'Windows 10 Pro; OS build 19042.1165; Version 2009; 64bit' Language: 'en' Physical Memory: 49069 MB
BatchMode: 1, IsHumanControllingUs: 0, StartBugReporterOnCrash: 0, Is64bit: 1, IsPro: 0

 COMMAND LINE ARGUMENTS:
C:\Program Files\Unity\Hub\Editor\2020.3.8f1\Editor\Unity.exe
-adb2
-batchMode
-noUpm
-name
AssetImportWorker0
-projectPath
G:/CS-Desktop/Unity Projects/Classes/JUL2021-XRDEV-AN-ARFoundation
-logFile
Logs/AssetImportWorker0.log
-srvPort
49483
Successfully changed project path to: G:/CS-Desktop/Unity Projects/Classes/JUL2021-XRDEV-AN-ARFoundation
G:/CS-Desktop/Unity Projects/Classes/JUL2021-XRDEV-AN-ARFoundation
Using Asset Import Pipeline V2.
Refreshing native plugins compatible for Editor in 36.63 ms, found 0 plugins.
Preloading 0 native plugins for Editor in 0.00 ms.
Initialize engine version: 2020.3.8f1 (507919d4fff5)
[Subsystems] Discovering subsystems at path C:/Program Files/Unity/Hub/Editor/2020.3.8f1/Editor/Data/Resources/UnitySubsystems
[Subsystems] Discovering subsystems at path G:/CS-Desktop/Unity Projects/Classes/JUL2021-XRDEV-AN-ARFoundation/Assets
GfxDevice: creating device client; threaded=0
Direct3D:
    Version:  Direct3D 11.0 [level 11.1]
    Renderer: NVIDIA GeForce RTX 3060 Ti (ID=0x2486)
    Vendor:   
    VRAM:     8050 MB
    Driver:   27.21.14.6140
Initialize mono
Mono path[0] = 'C:/Program Files/Unity/Hub/Editor/2020.3.8f1/Editor/Data/Managed'
Mono path[1] = 'C:/Program Files/Unity/Hub/Editor/2020.3.8f1/Editor/Data/MonoBleedingEdge/lib/mono/unityjit'
Mono config path = 'C:/Program Files/Unity/Hub/Editor/2020.3.8f1/Editor/Data/MonoBleedingEdge/etc'
Using monoOptions --debugger-agent=transport=dt_socket,embedding=1,server=y,suspend=n,address=127.0.0.1:56508
Begin MonoManager ReloadAssembly
Registering precompiled unity dll's ...
Register platform support module: C:/Program Files/Unity/Hub/Editor/2020.3.8f1/Editor/Data/PlaybackEngines/WebGLSupport/UnityEditor.WebGL.Extensions.dll
Register platform support module: C:/Program Files/Unity/Hub/Editor/2020.3.8f1/Editor/Data/PlaybackEngines/WindowsStandaloneSupport/UnityEditor.WindowsStandalone.Extensions.dll
Registered in 0.003201 seconds.
Native extension for WindowsStandalone target not found
Native extension for WebGL target not found
Refreshing native plugins compatible for Editor in 29.05 ms, found 0 plugins.
Preloading 0 native plugins for Editor in 0.00 ms.
Mono: successfully reloaded assembly
- Completed reload, in  2.246 seconds
Platform modules already initialized, skipping
Registering precompiled user dll's ...
Registered in 0.000757 seconds.
Begin MonoManager ReloadAssembly
Native extension for WindowsStandalone target not found
Native extension for WebGL target not found
Refreshing native plugins compatible for Editor in 0.27 ms, found 0 plugins.
Preloading 0 native plugins for Editor in 0.00 ms.
Mono: successfully reloaded assembly
- Completed reload, in  1.061 seconds
Platform modules already initialized, skipping
========================================================================
Worker process is ready to serve import requests
Launched and connected shader compiler UnityShaderCompiler.exe after 0.05 seconds
Refreshing native plugins compatible for Editor in 0.33 ms, found 0 plugins.
Preloading 0 native plugins for Editor in 0.00 ms.
Unloading 1474 Unused Serialized files (Serialized files now loaded: 0)
System memory in use before: 67.7 MB.
System memory in use after: 67.7 MB.

Unloading 12 unused Assets to reduce memory usage. Loaded Objects now: 1916.
Total: 2.402000 ms (FindLiveObjects: 0.238100 ms CreateObjectMapping: 0.052400 ms MarkObjects: 1.559500 ms  DeleteObjects: 0.550400 ms)

========================================================================
Received Import Request.
  path: Assets/Scenes
  artifactKey: Guid(63f84fda6cd6ee740845a41e04c19513) Importer(815301076,1909f56bfc062723c751e8b465ee728b)
Start importing Assets/Scenes using Guid(63f84fda6cd6ee740845a41e04c19513) Importer(815301076,1909f56bfc062723c751e8b465ee728b)  -> (artifact id: '96ea7fa4e8cc5f2ce7c6ef0f636d5d22') in 0.007579 seconds
  Import took 0.011151 seconds .

========================================================================
Received Import Request.
  Time since last request: 2.187410 seconds.
  path: Assets/Scenes/ARRobots.unity
  artifactKey: Guid(d8e8d6ec55e0cf64499ca147f84b3565) Importer(815301076,1909f56bfc062723c751e8b465ee728b)
Start importing Assets/Scenes/ARRobots.unity using Guid(d8e8d6ec55e0cf64499ca147f84b3565) Importer(815301076,1909f56bfc062723c751e8b465ee728b)  -> (artifact id: 'c531e94df9550aebf7070e9e83ffb956') in 0.021866 seconds
  Import took 0.026425 seconds .

========================================================================
Received Import Request.
  Time since last request: 389.016661 seconds.
  path: Assets/ARRobots/Prefabs/ARPlane.prefab
  artifactKey: Guid(a103d1a8fab49a14aa278e5a3af56b3e) Importer(815301076,1909f56bfc062723c751e8b465ee728b)
Start importing Assets/ARRobots/Prefabs/ARPlane.prefab using Guid(a103d1a8fab49a14aa278e5a3af56b3e) Importer(815301076,1909f56bfc062723c751e8b465ee728b)  -> (artifact id: '97a794b8e307f73ed93835805d758a0b') in 0.046802 seconds
  Import took 0.049800 seconds .

========================================================================
Received Import Request.
  Time since last request: 0.000206 seconds.
  path: Assets/ARRobots/Prefabs/Obstacle.prefab
  artifactKey: Guid(6830e3f13c82048fe8b4e89416bfcea5) Importer(815301076,1909f56bfc062723c751e8b465ee728b)
Start importing Assets/ARRobots/Prefabs/Obstacle.prefab using Guid(6830e3f13c82048fe8b4e89416bfcea5) Importer(815301076,1909f56bfc062723c751e8b465ee728b)  -> (artifact id: 'bb7ebddb244d4faec0056e216249b227') in 0.305399 seconds
  Import took 0.307749 seconds .

========================================================================
Received Import Request.
  Time since last request: 105.131971 seconds.
  path: Assets/ARRobots/Materials/Brown.mat
  artifactKey: Guid(6e8c05cbed7844eccac0f2d5bc468ff7) Importer(815301076,1909f56bfc062723c751e8b465ee728b)
Start importing Assets/ARRobots/Materials/Brown.mat using Guid(6e8c05cbed7844eccac0f2d5bc468ff7) Importer(815301076,1909f56bfc062723c751e8b465ee728b)  -> (artifact id: '5a5b7be3350bce858427d96cf1f23619') in 0.057305 seconds
  Import took 0.061232 seconds .

========================================================================
Received Import Request.
  Time since last request: 0.000179 seconds.
  path: Assets/ARRobots/Materials/TransparentPlane.mat
  artifactKey: Guid(f4c378bb4f5ef504ab057422c225e7cf) Importer(815301076,1909f56bfc062723c751e8b465ee728b)
Start importing Assets/ARRobots/Materials/TransparentPlane.mat using Guid(f4c378bb4f5ef504ab057422c225e7cf) Importer(815301076,1909f56bfc062723c751e8b465ee728b)  -> (artifact id: 'a01774f28f84488f27d07095a7465d05') in 0.251996 seconds
  Import took 0.254116 seconds .

========================================================================
Received Import Request.
  Time since last request: 21.650350 seconds.
  path: Assets/ARRobots/MyAssets/RobotSphere/Assets/Prefab/RobotTouchSphere.prefab
  artifactKey: Guid(4f8660b045afc1644a4a8de8e78e8d25) Importer(815301076,1909f56bfc062723c751e8b465ee728b)
Start importing Assets/ARRobots/MyAssets/RobotSphere/Assets/Prefab/RobotTouchSphere.prefab using Guid(4f8660b045afc1644a4a8de8e78e8d25) Importer(815301076,1909f56bfc062723c751e8b465ee728b)  -> (artifact id: '5cece440a0c709776541f302cf6d2fee') in 1.267807 seconds
  Import took 1.276782 seconds .

========================================================================
Received Import Request.
  Time since last request: 5.974093 seconds.
  path: Assets/ARRobots/MyAssets/RobotSphere/Assets/Prefab/RobotTouchSphere.prefab
  artifactKey: Guid(4f8660b045afc1644a4a8de8e78e8d25) Importer(815301076,1909f56bfc062723c751e8b465ee728b)
Start importing Assets/ARRobots/MyAssets/RobotSphere/Assets/Prefab/RobotTouchSphere.prefab using Guid(4f8660b045afc1644a4a8de8e78e8d25) Importer(815301076,1909f56bfc062723c751e8b465ee728b)  -> (artifact id: '585c119af17fc1f644102fc431ad7d4f') in 0.031474 seconds
  Import took 0.034820 seconds .

========================================================================
Received Import Request.
  Time since last request: 17.762115 seconds.
  path: Assets/ARRobots/MyAssets/RobotSphere/Assets/Scripts/RobotAnimController.cs
  artifactKey: Guid(96846263ab5368f4a971044b060997b9) Importer(815301076,1909f56bfc062723c751e8b465ee728b)
Start importing Assets/ARRobots/MyAssets/RobotSphere/Assets/Scripts/RobotAnimController.cs using Guid(96846263ab5368f4a971044b060997b9) Importer(815301076,1909f56bfc062723c751e8b465ee728b)  -> (artifact id: 'baf1823dc418a35ffb587cdbc87182c3') in 0.023978 seconds
  Import took 0.027585 seconds .

========================================================================
Received Import Request.
  Time since last request: 1.727771 seconds.
  path: Assets/ARRobots/MyAssets/RobotSphere/Assets/Scripts/RobotFreeAnim.cs
  artifactKey: Guid(cdfe52ad0699f7842b1bd6f40aadd01e) Importer(815301076,1909f56bfc062723c751e8b465ee728b)
Start importing Assets/ARRobots/MyAssets/RobotSphere/Assets/Scripts/RobotFreeAnim.cs using Guid(cdfe52ad0699f7842b1bd6f40aadd01e) Importer(815301076,1909f56bfc062723c751e8b465ee728b)  -> (artifact id: 'd5b2c424e9f6a803af52ee5f40703bf7') in 0.003628 seconds
  Import took 0.006185 seconds .

========================================================================
Received Import Request.
  Time since last request: 66.986851 seconds.
  path: Assets
  artifactKey: Guid(00000000000000001000000000000000) Importer(815301076,1909f56bfc062723c751e8b465ee728b)
Start importing Assets using Guid(00000000000000001000000000000000) Importer(815301076,1909f56bfc062723c751e8b465ee728b)  -> (artifact id: '42d402b061de3733987d63b9cc3b64de') in 0.305161 seconds
  Import took 0.307523 seconds .

========================================================================
Received Import Request.
  Time since last request: 4.449714 seconds.
  path: Assets/Scripts
  artifactKey: Guid(f93005af4d92b3b4dab8c17ad2776378) Importer(815301076,1909f56bfc062723c751e8b465ee728b)
Start importing Assets/Scripts using Guid(f93005af4d92b3b4dab8c17ad2776378) Importer(815301076,1909f56bfc062723c751e8b465ee728b)  -> (artifact id: 'c62d00d04245296af8d962e107913d2d') in 0.003916 seconds
  Import took 0.006171 seconds .

========================================================================
Received Import Request.
  Time since last request: 9.200899 seconds.
  path: Assets/Scripts/TapToPlace.cs
  artifactKey: Guid(58b73395a504b0c4b8601e0a252e7a90) Importer(815301076,1909f56bfc062723c751e8b465ee728b)
Start importing Assets/Scripts/TapToPlace.cs using Guid(58b73395a504b0c4b8601e0a252e7a90) Importer(815301076,1909f56bfc062723c751e8b465ee728b)  -> (artifact id: '0518ad60bde33baf9f6ce82dcec5d92d') in 0.011859 seconds
  Import took 0.014360 seconds .

========================================================================
Received Prepare
Registering precompiled user dll's ...
Registered in 0.001465 seconds.
Begin MonoManager ReloadAssembly
Native extension for WindowsStandalone target not found
Native extension for WebGL target not found
Refreshing native plugins compatible for Editor in 0.31 ms, found 0 plugins.
Preloading 0 native plugins for Editor in 0.00 ms.
Mono: successfully reloaded assembly
- Completed reload, in  0.924 seconds
Platform modules already initialized, skipping
Refreshing native plugins compatible for Editor in 0.34 ms, found 0 plugins.
Preloading 0 native plugins for Editor in 0.00 ms.
Unloading 1466 Unused Serialized files (Serialized files now loaded: 0)
System memory in use before: 71.3 MB.
System memory in use after: 71.4 MB.

Unloading 7 unused Assets to reduce memory usage. Loaded Objects now: 1963.
Total: 2.240600 ms (FindLiveObjects: 0.258300 ms CreateObjectMapping: 0.080900 ms MarkObjects: 1.841900 ms  DeleteObjects: 0.057900 ms)

========================================================================
Received Prepare
Registering precompiled user dll's ...
Registered in 0.000990 seconds.
Begin MonoManager ReloadAssembly
Native extension for WindowsStandalone target not found
Native extension for WebGL target not found
Refreshing native plugins compatible for Editor in 0.31 ms, found 0 plugins.
Preloading 0 native plugins for Editor in 0.00 ms.
Mono: successfully reloaded assembly
- Completed reload, in  0.932 seconds
Platform modules already initialized, skipping
Refreshing native plugins compatible for Editor in 0.29 ms, found 0 plugins.
Preloading 0 native plugins for Editor in 0.00 ms.
Unloading 1466 Unused Serialized files (Serialized files now loaded: 0)
System memory in use before: 71.4 MB.
System memory in use after: 71.4 MB.

Unloading 7 unused Assets to reduce memory usage. Loaded Objects now: 1967.
Total: 2.652800 ms (FindLiveObjects: 0.173600 ms CreateObjectMapping: 0.147700 ms MarkObjects: 2.159500 ms  DeleteObjects: 0.170300 ms)

========================================================================
Received Import Request.
  Time since last request: 967.515119 seconds.
  path: Assets/Scripts/TapToPlace.cs
  artifactKey: Guid(58b73395a504b0c4b8601e0a252e7a90) Importer(815301076,1909f56bfc062723c751e8b465ee728b)
Start importing Assets/Scripts/TapToPlace.cs using Guid(58b73395a504b0c4b8601e0a252e7a90) Importer(815301076,1909f56bfc062723c751e8b465ee728b)  -> (artifact id: 'b134f549d406202ee0e88010fa86bb30') in 0.006823 seconds
  Import took 0.009751 seconds .

========================================================================
Received Prepare
Registering precompiled user dll's ...
Registered in 0.002574 seconds.
Begin MonoManager ReloadAssembly
Native extension for WindowsStandalone target not found
Native extension for WebGL target not found
Refreshing native plugins compatible for Editor in 1.47 ms, found 0 plugins.
Preloading 0 native plugins for Editor in 0.00 ms.
Mono: successfully reloaded assembly
- Completed reload, in  1.058 seconds
Platform modules already initialized, skipping
Switching build target platform(5) subTarget(0) extendedPlatform(0) -> platform(13) subTarget(537395200) extendedPlatform(0)
Refreshing native plugins compatible for Editor in 0.94 ms, found 0 plugins.
Preloading 0 native plugins for Editor in 0.00 ms.
Unloading 1470 Unused Serialized files (Serialized files now loaded: 0)
System memory in use before: 71.4 MB.
System memory in use after: 71.4 MB.

Unloading 7 unused Assets to reduce memory usage. Loaded Objects now: 1971.
Total: 3.689900 ms (FindLiveObjects: 0.184300 ms CreateObjectMapping: 0.063000 ms MarkObjects: 3.365300 ms  DeleteObjects: 0.075500 ms)

AssetImportParameters requested are different than current active one (requested -> active):
  custom:graphics/normal-map-encoding: 01000000000000000000000000000000 -> 02000000000000000000000000000000
========================================================================
Received Prepare
Refreshing native plugins compatible for Editor in 1.12 ms, found 0 plugins.
Preloading 0 native plugins for Editor in 0.00 ms.
Unloading 4 Unused Serialized files (Serialized files now loaded: 0)
System memory in use before: 42.1 MB.
System memory in use after: 42.2 MB.

Unloading 4 unused Assets to reduce memory usage. Loaded Objects now: 1971.
Total: 3.478500 ms (FindLiveObjects: 0.291000 ms CreateObjectMapping: 0.084400 ms MarkObjects: 3.041100 ms  DeleteObjects: 0.060600 ms)

========================================================================
Received Prepare
Switching build target platform(13) subTarget(537395200) extendedPlatform(0) -> platform(13) subTarget(524288) extendedPlatform(0)
Refreshing native plugins compatible for Editor in 0.60 ms, found 0 plugins.
Preloading 0 native plugins for Editor in 0.00 ms.
Unloading 4 Unused Serialized files (Serialized files now loaded: 0)
System memory in use before: 42.1 MB.
System memory in use after: 42.2 MB.

Unloading 4 unused Assets to reduce memory usage. Loaded Objects now: 1971.
Total: 5.636600 ms (FindLiveObjects: 2.038900 ms CreateObjectMapping: 0.332700 ms MarkObjects: 3.204100 ms  DeleteObjects: 0.057500 ms)

AssetImportParameters requested are different than current active one (requested -> active):
  buildTarget: platform 13, subtarget 524288, extendedPlatform 0 -> platform 13, subtarget 537395200, extendedPlatform 0
  graphicsApiMask: 2048 -> 2099200
========================================================================
Received Prepare
Refreshing native plugins compatible for Editor in 0.74 ms, found 0 plugins.
Preloading 0 native plugins for Editor in 0.00 ms.
Unloading 4 Unused Serialized files (Serialized files now loaded: 0)
System memory in use before: 42.1 MB.
System memory in use after: 42.2 MB.

Unloading 4 unused Assets to reduce memory usage. Loaded Objects now: 1971.
Total: 3.871400 ms (FindLiveObjects: 0.397000 ms CreateObjectMapping: 0.064500 ms MarkObjects: 3.339000 ms  DeleteObjects: 0.070000 ms)

========================================================================
Received Prepare
Refreshing native plugins compatible for Editor in 0.65 ms, found 0 plugins.
Preloading 0 native plugins for Editor in 0.00 ms.
Unloading 4 Unused Serialized files (Serialized files now loaded: 0)
System memory in use before: 42.1 MB.
System memory in use after: 42.2 MB.

Unloading 3 unused Assets to reduce memory usage. Loaded Objects now: 1972.
Total: 2.721500 ms (FindLiveObjects: 0.170200 ms CreateObjectMapping: 0.047300 ms MarkObjects: 2.453200 ms  DeleteObjects: 0.048500 ms)

========================================================================
Received Prepare
Refreshing native plugins compatible for Editor in 0.80 ms, found 0 plugins.
Preloading 0 native plugins for Editor in 0.00 ms.
Unloading 3 Unused Serialized files (Serialized files now loaded: 0)
System memory in use before: 42.0 MB.
System memory in use after: 42.1 MB.

Unloading 3 unused Assets to reduce memory usage. Loaded Objects now: 1972.
Total: 2.637300 ms (FindLiveObjects: 0.245400 ms CreateObjectMapping: 0.048800 ms MarkObjects: 2.284200 ms  DeleteObjects: 0.057500 ms)

========================================================================
Received Import Request.
  Time since last request: 1779.606111 seconds.
  path: Assets/ARRobots/MyAssets/Joystick Pack/Prefabs/Fixed Joystick.prefab
  artifactKey: Guid(aaa2c939c0359ac4dbce3f49e8b90252) Importer(815301076,1909f56bfc062723c751e8b465ee728b)
Start importing Assets/ARRobots/MyAssets/Joystick Pack/Prefabs/Fixed Joystick.prefab using Guid(aaa2c939c0359ac4dbce3f49e8b90252) Importer(815301076,1909f56bfc062723c751e8b465ee728b)  -> (artifact id: '6488ea54ce3ad34414a7dab8fcb5411e') in 0.041381 seconds
  Import took 0.044105 seconds .

========================================================================
Received Import Request.
  Time since last request: 383.661385 seconds.
  path: Assets/Scripts/RobotTouch.cs
  artifactKey: Guid(dfaac150656fc3140860b4cd38199306) Importer(815301076,1909f56bfc062723c751e8b465ee728b)
Start importing Assets/Scripts/RobotTouch.cs using Guid(dfaac150656fc3140860b4cd38199306) Importer(815301076,1909f56bfc062723c751e8b465ee728b)  -> (artifact id: '2d8eded03f99b6bb739b9c5ea2801ee0') in 0.004351 seconds
  Import took 0.007168 seconds .

========================================================================
Received Prepare
Registering precompiled user dll's ...
Registered in 0.102675 seconds.
Begin MonoManager ReloadAssembly
Native extension for WindowsStandalone target not found
Native extension for WebGL target not found
Refreshing native plugins compatible for Editor in 0.26 ms, found 0 plugins.
Preloading 0 native plugins for Editor in 0.00 ms.
Mono: successfully reloaded assembly
- Completed reload, in  1.010 seconds
Platform modules already initialized, skipping
Switching build target platform(5) subTarget(0) extendedPlatform(0) -> platform(13) subTarget(524288) extendedPlatform(0)
Refreshing native plugins compatible for Editor in 0.30 ms, found 0 plugins.
Preloading 0 native plugins for Editor in 0.00 ms.
Unloading 1470 Unused Serialized files (Serialized files now loaded: 0)
System memory in use before: 71.3 MB.
System memory in use after: 71.4 MB.

Unloading 6 unused Assets to reduce memory usage. Loaded Objects now: 1977.
Total: 2.287800 ms (FindLiveObjects: 0.148900 ms CreateObjectMapping: 0.040500 ms MarkObjects: 2.025800 ms  DeleteObjects: 0.071700 ms)

AssetImportParameters requested are different than current active one (requested -> active):
  custom:graphics/normal-map-encoding: 01000000000000000000000000000000 -> 02000000000000000000000000000000
========================================================================
Received Prepare
Registering precompiled user dll's ...
Registered in 0.000738 seconds.
Begin MonoManager ReloadAssembly
Native extension for WindowsStandalone target not found
Native extension for WebGL target not found
Refreshing native plugins compatible for Editor in 0.29 ms, found 0 plugins.
Preloading 0 native plugins for Editor in 0.00 ms.
Mono: successfully reloaded assembly
- Completed reload, in  0.972 seconds
Platform modules already initialized, skipping
Switching build target platform(5) subTarget(0) extendedPlatform(0) -> platform(13) subTarget(524288) extendedPlatform(0)
Refreshing native plugins compatible for Editor in 0.31 ms, found 0 plugins.
Preloading 0 native plugins for Editor in 0.00 ms.
Unloading 1469 Unused Serialized files (Serialized files now loaded: 0)
System memory in use before: 71.3 MB.
System memory in use after: 71.4 MB.

Unloading 7 unused Assets to reduce memory usage. Loaded Objects now: 1980.
Total: 2.459000 ms (FindLiveObjects: 0.242800 ms CreateObjectMapping: 0.069400 ms MarkObjects: 2.074600 ms  DeleteObjects: 0.070700 ms)

AssetImportParameters requested are different than current active one (requested -> active):
  custom:graphics/normal-map-encoding: 01000000000000000000000000000000 -> 02000000000000000000000000000000
========================================================================
Received Prepare
Registering precompiled user dll's ...
Registered in 0.000788 seconds.
Begin MonoManager ReloadAssembly
Native extension for WindowsStandalone target not found
Native extension for WebGL target not found
Refreshing native plugins compatible for Editor in 0.34 ms, found 0 plugins.
Preloading 0 native plugins for Editor in 0.00 ms.
Mono: successfully reloaded assembly
- Completed reload, in  1.014 seconds
Platform modules already initialized, skipping
Switching build target platform(5) subTarget(0) extendedPlatform(0) -> platform(13) subTarget(524288) extendedPlatform(0)
Refreshing native plugins compatible for Editor in 0.32 ms, found 0 plugins.
Preloading 0 native plugins for Editor in 0.00 ms.
Unloading 1469 Unused Serialized files (Serialized files now loaded: 0)
System memory in use before: 71.3 MB.
System memory in use after: 71.4 MB.

Unloading 6 unused Assets to reduce memory usage. Loaded Objects now: 1984.
Total: 2.063100 ms (FindLiveObjects: 0.193700 ms CreateObjectMapping: 0.060000 ms MarkObjects: 1.756700 ms  DeleteObjects: 0.051500 ms)

AssetImportParameters requested are different than current active one (requested -> active):
  custom:graphics/normal-map-encoding: 01000000000000000000000000000000 -> 02000000000000000000000000000000
========================================================================
Received Import Request.
  Time since last request: 403.771481 seconds.
  path: Assets/ARRobots/MyAssets/RobotSphere/Assets/Scripts/RobotAnimController.cs
  artifactKey: Guid(96846263ab5368f4a971044b060997b9) Importer(815301076,1909f56bfc062723c751e8b465ee728b)
Start importing Assets/ARRobots/MyAssets/RobotSphere/Assets/Scripts/RobotAnimController.cs using Guid(96846263ab5368f4a971044b060997b9) Importer(815301076,1909f56bfc062723c751e8b465ee728b)  -> (artifact id: '8d65e35a3246b4b1fc6c027534ed4a58') in 0.006219 seconds
  Import took 0.009014 seconds .

========================================================================
Received Import Request.
  Time since last request: 1.755091 seconds.
  path: Assets/ARRobots/MyAssets/RobotSphere/Assets/Models/Animation/robotSphere@anim_cloed_Roll_Loop.fbx
  artifactKey: Guid(a39d150aebfb4ce449f4a4f23709b822) Importer(815301076,1909f56bfc062723c751e8b465ee728b)
Start importing Assets/ARRobots/MyAssets/RobotSphere/Assets/Models/Animation/robotSphere@anim_cloed_Roll_Loop.fbx using Guid(a39d150aebfb4ce449f4a4f23709b822) Importer(815301076,1909f56bfc062723c751e8b465ee728b)  -> (artifact id: '2fa1134dcc7e3f4954b9b12f0dac4448') in 0.417051 seconds
  Import took 0.420260 seconds .

========================================================================
Received Import Request.
  Time since last request: 0.000238 seconds.
  path: Assets/ARRobots/MyAssets/RobotSphere/Assets/Models/Animation/robotSphere@anim_open.fbx
  artifactKey: Guid(ecb6e102166bfcf47b9206c2f8297fc1) Importer(815301076,1909f56bfc062723c751e8b465ee728b)
Start importing Assets/ARRobots/MyAssets/RobotSphere/Assets/Models/Animation/robotSphere@anim_open.fbx using Guid(ecb6e102166bfcf47b9206c2f8297fc1) Importer(815301076,1909f56bfc062723c751e8b465ee728b)  -> (artifact id: 'd6bf928050b24d0ed737278874092511') in 0.178121 seconds
  Import took 0.180930 seconds .

========================================================================
Received Import Request.
  Time since last request: 0.000191 seconds.
  path: Assets/ARRobots/MyAssets/RobotSphere/Assets/Models/Animation/robotSphere@anim_close.fbx
  artifactKey: Guid(d7222f7175ac71943b44f3d2f8ae3453) Importer(815301076,1909f56bfc062723c751e8b465ee728b)
Start importing Assets/ARRobots/MyAssets/RobotSphere/Assets/Models/Animation/robotSphere@anim_close.fbx using Guid(d7222f7175ac71943b44f3d2f8ae3453) Importer(815301076,1909f56bfc062723c751e8b465ee728b)  -> (artifact id: 'fa04fd5a854f65bc9f0aefc1b5b5fd31') in 0.171975 seconds
  Import took 0.175514 seconds .

========================================================================
Received Import Request.
  Time since last request: 0.000317 seconds.
  path: Assets/ARRobots/MyAssets/RobotSphere/Assets/Models/Animation/robotSphere@anim_open_GoToRoll.fbx
  artifactKey: Guid(f2fc0388a7c562e4fa0d179ac93423ba) Importer(815301076,1909f56bfc062723c751e8b465ee728b)
Start importing Assets/ARRobots/MyAssets/RobotSphere/Assets/Models/Animation/robotSphere@anim_open_GoToRoll.fbx using Guid(f2fc0388a7c562e4fa0d179ac93423ba) Importer(815301076,1909f56bfc062723c751e8b465ee728b)  -> (artifact id: '5ae0c2f7a16d924a73e60b9bca29248c') in 0.282452 seconds
  Import took 0.285534 seconds .

========================================================================
Received Import Request.
  Time since last request: 0.000171 seconds.
  path: Assets/ARRobots/MyAssets/RobotSphere/Assets/Models/Animation/robotSphere@anim_open_Walk_Loop.fbx
  artifactKey: Guid(757bc78a1e5310740a2eee895c77111c) Importer(815301076,1909f56bfc062723c751e8b465ee728b)
Start importing Assets/ARRobots/MyAssets/RobotSphere/Assets/Models/Animation/robotSphere@anim_open_Walk_Loop.fbx using Guid(757bc78a1e5310740a2eee895c77111c) Importer(815301076,1909f56bfc062723c751e8b465ee728b)  -> (artifact id: '4ff5e57f4d0db98dbef9a8f9166c3abb') in 0.204437 seconds
  Import took 0.207787 seconds .

========================================================================
Received Import Request.
  Time since last request: 0.000201 seconds.
  path: Assets/ARRobots/MyAssets/RobotSphere/Assets/Models/Animation/robotSphere@anim_Idle_Loop_S.fbx
  artifactKey: Guid(52ad55bee0260b64da664da407ed38b4) Importer(815301076,1909f56bfc062723c751e8b465ee728b)
Start importing Assets/ARRobots/MyAssets/RobotSphere/Assets/Models/Animation/robotSphere@anim_Idle_Loop_S.fbx using Guid(52ad55bee0260b64da664da407ed38b4) Importer(815301076,1909f56bfc062723c751e8b465ee728b)  -> (artifact id: '8a14bc5d941a1a7294276a35f1001699') in 0.186927 seconds
  Import took 0.189784 seconds .

========================================================================
Received Import Request.
  Time since last request: 0.000198 seconds.
  path: Assets/ARRobots/MyAssets/RobotSphere/Assets/Models/Animation/robotSphere@anim_closed_StopRoll.fbx
  artifactKey: Guid(a04d47ebf8b64cc4a94b13a384a37882) Importer(815301076,1909f56bfc062723c751e8b465ee728b)
Start importing Assets/ARRobots/MyAssets/RobotSphere/Assets/Models/Animation/robotSphere@anim_closed_StopRoll.fbx using Guid(a04d47ebf8b64cc4a94b13a384a37882) Importer(815301076,1909f56bfc062723c751e8b465ee728b)  -> (artifact id: '3a73b2345d8ace6ac830ee4b83f04da3') in 0.170158 seconds
  Import took 0.172904 seconds .

========================================================================
Received Import Request.
  Time since last request: 0.598265 seconds.
  path: Assets/ARRobots/MyAssets/RobotSphere/Assets/Models/Animation/robotSphereAnmCont.controller
  artifactKey: Guid(8df5b386369d54778a922298504d1aba) Importer(815301076,1909f56bfc062723c751e8b465ee728b)
Start importing Assets/ARRobots/MyAssets/RobotSphere/Assets/Models/Animation/robotSphereAnmCont.controller using Guid(8df5b386369d54778a922298504d1aba) Importer(815301076,1909f56bfc062723c751e8b465ee728b)  -> (artifact id: '8a3165b196bccbf66d1b85524593ef3c') in 0.014153 seconds
  Import took 0.016793 seconds .

AssetImportWorkerClient::OnTransportError - code=2 error=End of file
